<?xml version="1.0" encoding="UTF-8"?>
<!-- Generated by org.testng.reporters.JUnitReportReporter -->
<testsuite hostname="COLLABPH1002991" failures="0" tests="1" name="collabera.LongPressGesture" time="8.286" errors="0" timestamp="2023-10-25T10:11:20 PST" skipped="0">
  <testcase classname="collabera.LongPressGesture" name="longPress" time="8.286"/>
  <system-out/>
</testsuite> <!-- collabera.LongPressGesture -->
